INFO:qdarkstyle:QSS file successfully loaded.
INFO:qdarkstyle:Found version patches to be applied.
INFO:qdarkstyle:Found application patches to be applied.
INFO:qdarkstyle:QSS file successfully loaded.
INFO:qdarkstyle:Found version patches to be applied.
INFO:qdarkstyle:Found application patches to be applied.
INFO:qdarkstyle:QSS file successfully loaded.
INFO:qdarkstyle:Found version patches to be applied.
INFO:qdarkstyle:Found application patches to be applied.
INFO:root:Successful login by user: Satish2002 at 2023-09-29 14:55:52.097715
INFO:qdarkstyle:QSS file successfully loaded.
INFO:qdarkstyle:Found version patches to be applied.
INFO:qdarkstyle:Found application patches to be applied.
INFO:qdarkstyle:QSS file successfully loaded.
INFO:qdarkstyle:Found version patches to be applied.
INFO:qdarkstyle:Found application patches to be applied.
INFO:root:Successful login by user: Satish2002 at 2023-09-29 15:20:49.695004
INFO:qdarkstyle:QSS file successfully loaded.
INFO:qdarkstyle:Found version patches to be applied.
INFO:qdarkstyle:Found application patches to be applied.
INFO:root:Successful login by user: Satish2002 at 2023-09-29 15:25:37.995181
ERROR:root: Loggin attempt at 2023-09-29 15:25:37.999313
INFO:qdarkstyle:QSS file successfully loaded.
INFO:qdarkstyle:Found version patches to be applied.
INFO:qdarkstyle:Found application patches to be applied.
INFO:root:Successful login by user: Satish2002 at 2023-09-29 15:25:57.835016
ERROR:root: Loggin attempt at 2023-09-29 15:25:57.839082
INFO:qdarkstyle:QSS file successfully loaded.
INFO:qdarkstyle:Found version patches to be applied.
INFO:qdarkstyle:Found application patches to be applied.
INFO:root:Successful login by user: Satish2002 at 2023-09-29 15:40:35.812467
INFO:qdarkstyle:QSS file successfully loaded.
INFO:qdarkstyle:Found version patches to be applied.
INFO:qdarkstyle:Found application patches to be applied.
INFO:root:Successful login by user: Satish2002 at 2023-09-29 15:42:46.848956
INFO:qdarkstyle:QSS file successfully loaded.
INFO:qdarkstyle:Found version patches to be applied.
INFO:qdarkstyle:Found application patches to be applied.
INFO:root:Successful login by user: Satish2002 at 2023-09-29 15:44:02.418216
INFO:qdarkstyle:QSS file successfully loaded.
INFO:qdarkstyle:Found version patches to be applied.
INFO:qdarkstyle:Found application patches to be applied.
INFO:root:Successful login by user: admin at 2023-09-29 15:46:14.748227
INFO:qdarkstyle:QSS file successfully loaded.
INFO:qdarkstyle:Found version patches to be applied.
INFO:qdarkstyle:Found application patches to be applied.
INFO:root:Successful login by user: Satish2002 at 2023-09-29 15:47:12.465664
INFO:root:Successful login by user: Satish2002 at 2023-09-29 15:48:16.873153
INFO:root:Successful login by user: Satish2002 at 2023-09-29 16:07:21.183886
INFO:root:COMPANY_NAME = deepak,ITEM_NAME=df,QUANTITY=25.0,UOM = NOS,CHALAN_NO=25,REMARK =25 this Data is Inserted by Satish2002 at 2023-09-29 16:08:14.227143 Sucessfully
INFO:root:Successful login by user: Satish2002 at 2023-09-29 16:09:53.688953
INFO:root:technic registed sucessfully at 2023-09-29 16:10:44.371497 by the Super User
INFO:root:<PyQt5.QtWidgets.QLineEdit object at 0x000001FE12E6E320>User Logged out Sucessfully at 2023-09-29 16:10:53.621045
INFO:root:Successful login by user: Satish2002 at 2023-09-29 16:31:04.625189
INFO:root:Successful login by user: Satish2002 at 2023-09-29 16:35:35.883543
INFO:root:Successful login by user: Satish2002 at 2023-09-29 16:38:49.672981
INFO:root:Successful login by user: Satish2002 at 2023-09-29 16:39:31.809080
INFO:root:Successful login by user: Satish2002 at 2023-09-29 16:40:05.895828
INFO:root:Data of <built-in function id> is update at 2023-09-29 16:40:17.067634 by Satish2002
INFO:qdarkstyle:QSS file successfully loaded.
INFO:qdarkstyle:Found version patches to be applied.
INFO:qdarkstyle:Found application patches to be applied.
INFO:qdarkstyle:QSS file successfully loaded.
INFO:qdarkstyle:Found version patches to be applied.
INFO:qdarkstyle:Found application patches to be applied.
INFO:qdarkstyle:QSS file successfully loaded.
INFO:qdarkstyle:Found version patches to be applied.
INFO:qdarkstyle:Found application patches to be applied.
INFO:qdarkstyle:QSS file successfully loaded.
INFO:qdarkstyle:Found version patches to be applied.
INFO:qdarkstyle:Found application patches to be applied.
INFO:qdarkstyle:QSS file successfully loaded.
INFO:qdarkstyle:Found version patches to be applied.
INFO:qdarkstyle:Found application patches to be applied.
INFO:qdarkstyle:QSS file successfully loaded.
INFO:qdarkstyle:Found version patches to be applied.
INFO:qdarkstyle:Found application patches to be applied.
