INFO:root:Successful login by user: Satish2002 at 2023-09-27 09:02:08.970527
INFO:root:Successful login by user: Satish2002 at 2023-09-27 09:04:48.972242
INFO:root:Successful login by user: Satish2002 at 2023-09-27 09:15:34.584110
INFO:root:Successful login by user: Satish2002 at 2023-09-27 09:16:34.064276
INFO:root:Successful login by user: Satish2002 at 2023-09-27 09:17:32.625869
INFO:root:Successful login by user: Satish2002 at 2023-09-27 09:20:05.587970
INFO:root:Successful login by user: Satish2002 at 2023-09-27 09:22:51.537546
INFO:root:Successful login by user: Satish2002 at 2023-09-27 09:23:06.435697
INFO:root:Successful login by user: Satish2002 at 2023-09-27 09:24:52.094410
INFO:root:Successful login by user: Satish2002 at 2023-09-27 09:26:09.093832
INFO:root:Successful login by user: Satish2002 at 2023-09-27 09:27:27.706535
INFO:root:Successful login by user: Satish2002 at 2023-09-27 09:30:05.064756
INFO:root:Successful login by user: Satish2002 at 2023-09-27 09:32:39.125610
INFO:root:Successful login by user: Satish2002 at 2023-09-27 09:34:30.746936
INFO:root:Successful login by user: Satish2002 at 2023-09-27 09:35:50.384154
INFO:root:Successful login by user: Satish2002 at 2023-09-27 09:36:28.139891
INFO:root:Successful login by user: Satish2002 at 2023-09-27 09:38:15.272960
INFO:root:Successful login by user: Satish2002 at 2023-09-27 09:39:18.361390
INFO:root:Successful login by user: Satish2002 at 2023-09-27 09:39:41.179832
INFO:root:Successful login by user: Satish2002 at 2023-09-27 09:40:19.794111
INFO:root:Successful login by user: Satish2002 at 2023-09-27 09:42:08.232873
INFO:root:Successful login by user: Satish2002 at 2023-09-27 09:42:38.062545
INFO:root:Successful login by user: Satish2002 at 2023-09-27 09:45:06.321714
INFO:root:Successful login by user: Satish2002 at 2023-09-27 09:50:47.865766
INFO:root:Successful login by user: Satish2002 at 2023-09-27 09:52:22.011486
INFO:root:Successful login by user: Satish2002 at 2023-09-27 09:59:18.900566
INFO:root:deepak registed sucessfully at 2023-09-27 10:00:01.817264 by the Super User
INFO:root:Successful login by user: Satish2002 at 2023-09-27 10:01:36.565443
INFO:root:Successful login by user: Satish2002 at 2023-09-27 10:58:21.648307
INFO:root:Successful login by user: admin at 2023-09-27 11:11:18.606673
WARNING:root:Tried to add a User By admin at 2023-09-27 11:11:22.106616
INFO:root:Successful login by user: Satish2002 at 2023-09-27 11:14:59.249479
INFO:root:Successful login by user: Satish2002 at 2023-09-27 11:15:16.455945
INFO:root:Successful login by user: Satish2002 at 2023-09-27 11:16:36.799537
INFO:root:Successful login by user: Satish2002 at 2023-09-27 11:22:28.611485
INFO:root:Successful login by user: Satish2002 at 2023-09-27 11:25:19.280937
INFO:root:Successful login by user: Satish2002 at 2023-09-27 11:27:55.450231
INFO:root:Successful login by user: Satish2002 at 2023-09-27 11:28:45.211798
ERROR:root: Loggin attempt at 2023-09-27 11:31:44.780948
INFO:root:Successful login by user: Satish2002 at 2023-09-27 11:31:51.145157
INFO:root:Successful login by user: Satish2002 at 2023-09-27 11:32:16.627588
INFO:root:Successful login by user: Satish2002 at 2023-09-27 11:32:50.802524
INFO:root:Successful login by user: Satish2002 at 2023-09-27 11:33:57.142528
INFO:root:Successful login by user: Satish2002 at 2023-09-27 11:34:26.536627
INFO:root:Successful login by user: Satish2002 at 2023-09-27 11:35:09.781669
INFO:root:Successful login by user: Satish2002 at 2023-09-27 11:35:41.926062
INFO:root:Successful login by user: Satish2002 at 2023-09-27 11:36:32.959558
INFO:root:Successful login by user: Satish2002 at 2023-09-27 11:37:05.398120
INFO:root:Successful login by user: Satish2002 at 2023-09-27 11:38:43.040788
INFO:root:Successful login by user: Satish2002 at 2023-09-27 11:45:24.675693
INFO:root:Successful login by user: Satish2002 at 2023-09-27 11:46:35.933229
INFO:root:Successful login by user: Satish2002 at 2023-09-27 11:47:02.041403
INFO:root:Successful login by user: Satish2002 at 2023-09-27 11:48:00.352403
INFO:root:Successful login by user: Satish2002 at 2023-09-27 11:48:22.776070
INFO:root:Successful login by user: Satish2002 at 2023-09-27 11:49:47.545234
INFO:root:Successful login by user: Satish2002 at 2023-09-27 11:50:29.605119
INFO:root:Successful login by user: Satish2002 at 2023-09-27 11:51:18.561342
INFO:root:Successful login by user: Satish2002 at 2023-09-27 11:52:08.982103
INFO:root:Successful login by user: Satish2002 at 2023-09-27 11:52:28.620911
INFO:root:Successful login by user: Satish2002 at 2023-09-27 11:53:50.398526
INFO:root:Successful login by user: Satish2002 at 2023-09-27 11:57:35.293087
INFO:root:Successful login by user: Satish2002 at 2023-09-27 12:07:38.069744
INFO:root:Satish2002User Logged out Sucessfully at 2023-09-27 12:07:46.978462
INFO:root:Successful login by user: admin at 2023-09-27 12:07:53.135914
INFO:root:Successful login by user: Satish2002 at 2023-09-27 12:10:48.184631
INFO:root:Successful login by user: Satish2002 at 2023-09-27 12:12:04.194914
INFO:root:Successful login by user: Satish2002 at 2023-09-27 12:16:31.540820
INFO:root:Successful login by user: Satish2002 at 2023-09-27 12:18:10.439215
INFO:root:Successful login by user: Satish2002 at 2023-09-27 12:18:42.683549
INFO:root:Successful login by user: Satish2002 at 2023-09-27 12:30:51.734160
INFO:root:Successful login by user: Satish2002 at 2023-09-27 12:32:26.221191
INFO:root:Successful login by user: Satish2002 at 2023-09-27 12:33:40.589226
INFO:root:Successful login by user: Satish2002 at 2023-09-27 12:37:38.134509
INFO:root:Successful login by user: Satish2002 at 2023-09-27 13:00:44.753924
ERROR:root: Loggin attempt at 2023-09-27 13:00:44.764142
INFO:root:Successful login by user: Satish2002 at 2023-09-27 13:00:54.332764
ERROR:root: Loggin attempt at 2023-09-27 13:00:54.342227
INFO:root:Successful login by user: Satish2002 at 2023-09-27 13:35:50.841203
ERROR:root: Loggin attempt at 2023-09-27 13:35:50.851611
INFO:root:Successful login by user: Satish2002 at 2023-09-27 13:36:21.830003
ERROR:root: Loggin attempt at 2023-09-27 13:36:21.840033
INFO:root:Successful login by user: admin at 2023-09-27 13:38:03.277274
ERROR:root: Loggin attempt at 2023-09-27 13:38:03.283888
INFO:root:Successful login by user: Satish2002 at 2023-09-27 13:38:31.997657
ERROR:root: Loggin attempt at 2023-09-27 13:38:32.006650
INFO:root:Successful login by user: Satish2002 at 2023-09-27 13:39:36.697151
INFO:root:Data of False is update at 2023-09-27 13:41:01.832743 by Satish2002
INFO:root:Successful login by user: Satish2002 at 2023-09-27 13:43:29.748188
INFO:root:Successful login by user: Satish2002 at 2023-09-27 13:44:42.238542
INFO:root:Successful login by user: Satish2002 at 2023-09-27 13:46:04.006470
INFO:root:Successful login by user: Satish2002 at 2023-09-27 13:46:55.117265
INFO:root:Successful login by user: Satish2002 at 2023-09-27 13:52:10.372416
ERROR:root: Loggin attempt at 2023-09-27 13:52:10.384208
INFO:root:Successful login by user: Satish2002 at 2023-09-27 13:53:27.702505
INFO:root:Successful login by user: Satish2002 at 2023-09-27 13:59:05.145997
INFO:root:Successful login by user: Satish2002 at 2023-09-27 14:08:14.905000
INFO:root:Successful login by user: Satish2002 at 2023-09-27 14:12:12.290616
ERROR:root: Loggin attempt at 2023-09-27 14:12:12.301147
INFO:root:Successful login by user: admin at 2023-09-27 14:12:46.294295
ERROR:root: Loggin attempt at 2023-09-27 14:12:46.301991
INFO:root:Successful login by user: Satish2002 at 2023-09-27 14:14:33.862069
ERROR:root: Loggin attempt at 2023-09-27 14:14:33.895404
INFO:root:Successful login by user: Satish2002 at 2023-09-27 14:15:30.926193
ERROR:root: Loggin attempt at 2023-09-27 14:15:30.933802
INFO:root:Successful login by user: Satish2002 at 2023-09-27 14:17:55.936173
ERROR:root: Loggin attempt at 2023-09-27 14:17:55.948034
INFO:root:Successful login by user: admin at 2023-09-27 14:19:33.893516
ERROR:root: Loggin attempt at 2023-09-27 14:19:33.904608
INFO:root:Successful login by user: Satish2002 at 2023-09-27 14:22:16.082289
ERROR:root: Loggin attempt at 2023-09-27 14:22:16.090615
INFO:root:Successful login by user: Satish2002 at 2023-09-27 14:23:19.517727
ERROR:root: Loggin attempt at 2023-09-27 14:23:19.528868
INFO:root:Successful login by user: Satish2002 at 2023-09-27 14:26:03.308064
INFO:root:Successful login by user: Satish2002 at 2023-09-27 14:26:40.976674
ERROR:root: Loggin attempt at 2023-09-27 14:26:40.984086
INFO:root:Successful login by user: Satish2002 at 2023-09-27 14:28:32.191256
INFO:root:Data of <built-in function id> is update at 2023-09-27 14:28:48.557037 by Satish2002
INFO:root:Successful login by user: Satish2002 at 2023-09-27 14:37:22.769007
INFO:root:Successful login by user: Satish2002 at 2023-09-27 14:38:48.444238
INFO:root:Successful login by user: Satish2002 at 2023-09-27 14:40:19.037028
INFO:root:Successful login by user: Satish2002 at 2023-09-27 14:42:59.912121
INFO:root:Successful login by user: Satish2002 at 2023-09-27 14:44:01.429779
INFO:root:Successful login by user: Satish2002 at 2023-09-27 14:45:13.762142
INFO:root:Successful login by user: Satish2002 at 2023-09-27 14:46:41.671110
INFO:root:Successful login by user: Satish2002 at 2023-09-27 14:47:41.807310
INFO:root:Successful login by user: Satish2002 at 2023-09-27 14:49:21.170902
INFO:root:Successful login by user: Satish2002 at 2023-09-27 14:51:20.877704
INFO:root:Successful login by user: Satish2002 at 2023-09-27 14:55:26.927760
INFO:qdarkstyle:QSS file successfully loaded.
INFO:qdarkstyle:Found version patches to be applied.
INFO:qdarkstyle:Found application patches to be applied.
INFO:qdarkstyle:QSS file successfully loaded.
INFO:qdarkstyle:Found version patches to be applied.
INFO:qdarkstyle:Found application patches to be applied.
INFO:root:Successful login by user: Satish2002 at 2023-09-27 15:35:07.245743
INFO:qdarkstyle:QSS file successfully loaded.
INFO:qdarkstyle:Found version patches to be applied.
INFO:qdarkstyle:Found application patches to be applied.
INFO:qdarkstyle:QSS file successfully loaded.
INFO:qdarkstyle:Found version patches to be applied.
INFO:qdarkstyle:Found application patches to be applied.
INFO:qdarkstyle:QSS file successfully loaded.
INFO:qdarkstyle:Found version patches to be applied.
INFO:qdarkstyle:Found application patches to be applied.
INFO:qdarkstyle:QSS file successfully loaded.
INFO:qdarkstyle:Found version patches to be applied.
INFO:qdarkstyle:Found application patches to be applied.
